2019-04-17T00:28:12.792Z - [32minfo[39m: [SERVER] Wiki.js is initializing...
2019-04-17T00:28:12.894Z - [32minfo[39m: [SERVER] Checking data directories...
2019-04-17T00:28:12.898Z - [32minfo[39m: [SERVER] Data and Repository directories are OK.
2019-04-17T00:28:13.079Z - [32minfo[39m: [SERVER] Checking Git repository...
2019-04-17T00:28:13.802Z - [32minfo[39m: [SERVER] Starting HTTP/WS server on port 8010...
2019-04-17T00:28:13.823Z - [32minfo[39m: [SERVER] HTTP/WS server started successfully! [RUNNING]
2019-04-17T00:28:13.905Z - [32minfo[39m: [SERVER] Search index flushed and ready.
2019-04-17T00:28:13.905Z - [32minfo[39m: [SERVER] Remote Git syncing is disabled. Not recommended!
2019-04-17T00:28:13.910Z - [32minfo[39m: [SERVER] Git repository is OK.
2019-04-17T00:28:13.953Z - [32minfo[39m: [AGENT] Background Agent is initializing...
2019-04-17T00:28:14.399Z - [32minfo[39m: [AGENT] Checking Git repository...
2019-04-17T00:28:14.877Z - [32minfo[39m: [AGENT] Remote Git syncing is disabled. Not recommended!
2019-04-17T00:28:14.881Z - [32minfo[39m: [AGENT] Git repository is OK.
2019-04-17T00:28:14.889Z - [32minfo[39m: [AGENT] Running all jobs...
2019-04-17T00:28:15.522Z - [32minfo[39m: [AGENT] All jobs completed successfully! Going to sleep for now.
2019-04-17T00:30:00.352Z - [32minfo[39m: [AGENT] Running all jobs...
2019-04-17T00:30:00.393Z - [32minfo[39m: [AGENT] All jobs completed successfully! Going to sleep for now.
2019-04-17T00:35:00.358Z - [32minfo[39m: [AGENT] Running all jobs...
2019-04-17T00:35:00.366Z - [32minfo[39m: [AGENT] All jobs completed successfully! Going to sleep for now.
2019-04-17T00:40:00.360Z - [32minfo[39m: [AGENT] Running all jobs...
2019-04-17T00:40:00.367Z - [32minfo[39m: [AGENT] All jobs completed successfully! Going to sleep for now.
2019-04-17T00:45:00.367Z - [32minfo[39m: [AGENT] Running all jobs...
2019-04-17T00:45:00.374Z - [32minfo[39m: [AGENT] All jobs completed successfully! Going to sleep for now.
2019-04-17T00:50:00.365Z - [32minfo[39m: [AGENT] Running all jobs...
2019-04-17T00:50:00.377Z - [32minfo[39m: [AGENT] All jobs completed successfully! Going to sleep for now.
2019-04-17T00:55:00.372Z - [32minfo[39m: [AGENT] Running all jobs...
2019-04-17T00:55:00.380Z - [32minfo[39m: [AGENT] All jobs completed successfully! Going to sleep for now.
2019-04-17T01:00:00.378Z - [32minfo[39m: [AGENT] Running all jobs...
2019-04-17T01:00:00.383Z - [32minfo[39m: [AGENT] All jobs completed successfully! Going to sleep for now.
